[11-Aug-2024 02:55:15 UTC] PHP Warning:  Undefined array key "form" in /Users/eliezerabreu/Local Sites/vitafood/app/public/wp-content/plugins/ultimate-member/includes/common/class-cpt.php on line 162
[11-Aug-2024 02:55:15 UTC] PHP Warning:  Trying to access array offset on value of type null in /Users/eliezerabreu/Local Sites/vitafood/app/public/wp-content/plugins/ultimate-member/includes/common/class-cpt.php on line 162
[11-Aug-2024 02:55:15 UTC] PHP Warning:  Undefined array key "form" in /Users/eliezerabreu/Local Sites/vitafood/app/public/wp-content/plugins/ultimate-member/includes/common/class-cpt.php on line 162
[11-Aug-2024 02:55:15 UTC] PHP Warning:  Trying to access array offset on value of type null in /Users/eliezerabreu/Local Sites/vitafood/app/public/wp-content/plugins/ultimate-member/includes/common/class-cpt.php on line 162
[11-Aug-2024 02:55:15 UTC] PHP Warning:  Undefined array key "form" in /Users/eliezerabreu/Local Sites/vitafood/app/public/wp-content/plugins/ultimate-member/includes/common/class-cpt.php on line 162
[11-Aug-2024 02:55:15 UTC] PHP Warning:  Trying to access array offset on value of type null in /Users/eliezerabreu/Local Sites/vitafood/app/public/wp-content/plugins/ultimate-member/includes/common/class-cpt.php on line 162
[15-Aug-2024 03:33:52 UTC] PHP Warning:  Attempt to read property "title" on null in /Users/eliezerabreu/Local Sites/vitafood/app/public/wp-includes/class-wp-customize-widgets.php on line 905
[15-Aug-2024 20:04:40 UTC] PHP Warning:  Trying to access array offset on value of type bool in /Users/eliezerabreu/Local Sites/vitafood/app/public/wp-content/plugins/elementor/includes/managers/image.php on line 113
[15-Aug-2024 20:04:40 UTC] PHP Warning:  Trying to access array offset on value of type bool in /Users/eliezerabreu/Local Sites/vitafood/app/public/wp-content/plugins/elementor/includes/managers/image.php on line 113
[15-Aug-2024 20:04:40 UTC] PHP Warning:  Trying to access array offset on value of type bool in /Users/eliezerabreu/Local Sites/vitafood/app/public/wp-content/plugins/elementor/includes/managers/image.php on line 113
[15-Aug-2024 20:04:40 UTC] PHP Warning:  Trying to access array offset on value of type bool in /Users/eliezerabreu/Local Sites/vitafood/app/public/wp-content/plugins/elementor/includes/managers/image.php on line 113
[15-Aug-2024 20:04:40 UTC] PHP Warning:  Trying to access array offset on value of type bool in /Users/eliezerabreu/Local Sites/vitafood/app/public/wp-content/plugins/elementor/includes/managers/image.php on line 113
[15-Aug-2024 20:04:40 UTC] PHP Warning:  Trying to access array offset on value of type bool in /Users/eliezerabreu/Local Sites/vitafood/app/public/wp-content/plugins/elementor/includes/managers/image.php on line 113
[15-Aug-2024 20:04:40 UTC] PHP Warning:  Trying to access array offset on value of type bool in /Users/eliezerabreu/Local Sites/vitafood/app/public/wp-content/plugins/elementor/includes/managers/image.php on line 113
[15-Aug-2024 20:04:40 UTC] PHP Warning:  Trying to access array offset on value of type bool in /Users/eliezerabreu/Local Sites/vitafood/app/public/wp-content/plugins/elementor/includes/managers/image.php on line 113
[16-Aug-2024 03:43:46 UTC] PHP Warning:  Attempt to read property "post_status" on null in /Users/eliezerabreu/Local Sites/vitafood/app/public/wp-content/plugins/elementor/core/base/document.php on line 1960
[16-Aug-2024 03:43:46 UTC] PHP Warning:  Attempt to read property "post_status" on null in /Users/eliezerabreu/Local Sites/vitafood/app/public/wp-content/plugins/elementor/core/base/document.php on line 1969
[16-Aug-2024 03:43:49 UTC] PHP Warning:  Attempt to read property "post_status" on null in /Users/eliezerabreu/Local Sites/vitafood/app/public/wp-content/plugins/elementor/core/base/document.php on line 1960
[16-Aug-2024 03:43:49 UTC] PHP Warning:  Attempt to read property "post_status" on null in /Users/eliezerabreu/Local Sites/vitafood/app/public/wp-content/plugins/elementor/core/base/document.php on line 1969
[16-Aug-2024 03:45:59 UTC] PHP Warning:  Attempt to read property "post_status" on null in /Users/eliezerabreu/Local Sites/vitafood/app/public/wp-content/plugins/elementor/core/base/document.php on line 1960
[16-Aug-2024 03:45:59 UTC] PHP Warning:  Attempt to read property "post_status" on null in /Users/eliezerabreu/Local Sites/vitafood/app/public/wp-content/plugins/elementor/core/base/document.php on line 1969
[16-Aug-2024 03:45:59 UTC] PHP Warning:  Attempt to read property "post_status" on null in /Users/eliezerabreu/Local Sites/vitafood/app/public/wp-content/plugins/elementor/core/base/document.php on line 1960
[16-Aug-2024 03:45:59 UTC] PHP Warning:  Attempt to read property "post_status" on null in /Users/eliezerabreu/Local Sites/vitafood/app/public/wp-content/plugins/elementor/core/base/document.php on line 1969
[16-Aug-2024 03:46:37 UTC] PHP Warning:  Attempt to read property "post_status" on null in /Users/eliezerabreu/Local Sites/vitafood/app/public/wp-content/plugins/elementor/core/base/document.php on line 1960
[16-Aug-2024 03:46:37 UTC] PHP Warning:  Attempt to read property "post_status" on null in /Users/eliezerabreu/Local Sites/vitafood/app/public/wp-content/plugins/elementor/core/base/document.php on line 1969
[16-Aug-2024 16:02:58 UTC] PHP Warning:  Attempt to read property "post_status" on null in /Users/eliezerabreu/Local Sites/vitafood/app/public/wp-content/plugins/elementor/core/base/document.php on line 1960
[16-Aug-2024 16:02:58 UTC] PHP Warning:  Attempt to read property "post_status" on null in /Users/eliezerabreu/Local Sites/vitafood/app/public/wp-content/plugins/elementor/core/base/document.php on line 1969
[16-Aug-2024 16:03:00 UTC] PHP Warning:  Attempt to read property "post_status" on null in /Users/eliezerabreu/Local Sites/vitafood/app/public/wp-content/plugins/elementor/core/base/document.php on line 1960
[16-Aug-2024 16:03:00 UTC] PHP Warning:  Attempt to read property "post_status" on null in /Users/eliezerabreu/Local Sites/vitafood/app/public/wp-content/plugins/elementor/core/base/document.php on line 1969
[16-Aug-2024 17:01:31 UTC] PHP Warning:  Attempt to read property "post_status" on null in /Users/eliezerabreu/Local Sites/vitafood/app/public/wp-content/plugins/elementor/core/base/document.php on line 1960
[16-Aug-2024 17:01:31 UTC] PHP Warning:  Attempt to read property "post_status" on null in /Users/eliezerabreu/Local Sites/vitafood/app/public/wp-content/plugins/elementor/core/base/document.php on line 1969
[16-Aug-2024 17:01:32 UTC] PHP Warning:  Attempt to read property "post_status" on null in /Users/eliezerabreu/Local Sites/vitafood/app/public/wp-content/plugins/elementor/core/base/document.php on line 1960
[16-Aug-2024 17:01:32 UTC] PHP Warning:  Attempt to read property "post_status" on null in /Users/eliezerabreu/Local Sites/vitafood/app/public/wp-content/plugins/elementor/core/base/document.php on line 1969
[16-Aug-2024 17:02:48 UTC] PHP Warning:  Attempt to read property "post_status" on null in /Users/eliezerabreu/Local Sites/vitafood/app/public/wp-content/plugins/elementor/core/base/document.php on line 1960
[16-Aug-2024 17:02:48 UTC] PHP Warning:  Attempt to read property "post_status" on null in /Users/eliezerabreu/Local Sites/vitafood/app/public/wp-content/plugins/elementor/core/base/document.php on line 1969
[16-Aug-2024 17:02:48 UTC] PHP Warning:  Attempt to read property "post_status" on null in /Users/eliezerabreu/Local Sites/vitafood/app/public/wp-content/plugins/elementor/core/base/document.php on line 1960
[16-Aug-2024 17:02:48 UTC] PHP Warning:  Attempt to read property "post_status" on null in /Users/eliezerabreu/Local Sites/vitafood/app/public/wp-content/plugins/elementor/core/base/document.php on line 1969
[16-Aug-2024 17:04:53 UTC] PHP Warning:  Attempt to read property "post_status" on null in /Users/eliezerabreu/Local Sites/vitafood/app/public/wp-content/plugins/elementor/core/base/document.php on line 1960
[16-Aug-2024 17:04:53 UTC] PHP Warning:  Attempt to read property "post_status" on null in /Users/eliezerabreu/Local Sites/vitafood/app/public/wp-content/plugins/elementor/core/base/document.php on line 1969
[16-Aug-2024 17:04:54 UTC] PHP Warning:  Attempt to read property "post_status" on null in /Users/eliezerabreu/Local Sites/vitafood/app/public/wp-content/plugins/elementor/core/base/document.php on line 1960
[16-Aug-2024 17:04:54 UTC] PHP Warning:  Attempt to read property "post_status" on null in /Users/eliezerabreu/Local Sites/vitafood/app/public/wp-content/plugins/elementor/core/base/document.php on line 1969
[16-Aug-2024 17:09:22 UTC] PHP Warning:  Attempt to read property "post_status" on null in /Users/eliezerabreu/Local Sites/vitafood/app/public/wp-content/plugins/elementor/core/base/document.php on line 1960
[16-Aug-2024 17:09:22 UTC] PHP Warning:  Attempt to read property "post_status" on null in /Users/eliezerabreu/Local Sites/vitafood/app/public/wp-content/plugins/elementor/core/base/document.php on line 1969
[16-Aug-2024 17:12:25 UTC] PHP Warning:  Attempt to read property "post_status" on null in /Users/eliezerabreu/Local Sites/vitafood/app/public/wp-content/plugins/elementor/core/base/document.php on line 1960
[16-Aug-2024 17:12:25 UTC] PHP Warning:  Attempt to read property "post_status" on null in /Users/eliezerabreu/Local Sites/vitafood/app/public/wp-content/plugins/elementor/core/base/document.php on line 1960
[16-Aug-2024 17:12:25 UTC] PHP Warning:  Attempt to read property "post_status" on null in /Users/eliezerabreu/Local Sites/vitafood/app/public/wp-content/plugins/elementor/core/base/document.php on line 1969
[16-Aug-2024 17:12:25 UTC] PHP Warning:  Attempt to read property "post_status" on null in /Users/eliezerabreu/Local Sites/vitafood/app/public/wp-content/plugins/elementor/core/base/document.php on line 1969
[18-Aug-2024 20:53:06 UTC] Cron reschedule event error for hook: action_scheduler_run_queue, Error code: could_not_set, Error message: The cron event list could not be saved., Data: {"schedule":"every_minute","args":["WP Cron"],"interval":60}
